<?xml version="1.0" encoding="UTF-8"?>
<!-- Generated by org.testng.reporters.JUnitXMLReporter -->
<testsuite ignored="0" hostname="DESKTOP-49OJ2E2" failures="0" tests="4" name="Default test" time="12.461" errors="0" timestamp="26 Jul 2022 18:11:03 GMT">
  <testcase classname="acti.tests.LoginPageTests" name="testLoginPageTitle" time="0.009"/>
  <testcase classname="acti.tests.LoginPageTests" name="testforgotPasswordLink" time="0.049"/>
  <testcase classname="acti.tests.LoginPageTests" name="testActilogoisDisplayed" time="0.04"/>
  <testcase classname="acti.tests.LoginPageTests" name="testLoginFunction" time="2.806"/>
</testsuite> <!-- Default test -->
