<?xml version="1.0" encoding="UTF-8"?>
<!-- Generated by org.testng.reporters.JUnitXMLReporter -->
<testsuite ignored="0" hostname="DESKTOP-49OJ2E2" failures="0" tests="4" name="Test" time="13.214" errors="0" timestamp="26 Jul 2022 18:30:47 GMT">
  <testcase classname="acti.tests.LoginPageTests" name="testLoginPageTitle" time="0.017"/>
  <testcase classname="acti.tests.LoginPageTests" name="testforgotPasswordLink" time="0.058"/>
  <testcase classname="acti.tests.LoginPageTests" name="testActilogoisDisplayed" time="0.052"/>
  <testcase classname="acti.tests.LoginPageTests" name="testLoginFunction" time="2.602"/>
</testsuite> <!-- Test -->
