<?xml version="1.0" encoding="UTF-8"?>
<!-- Generated by org.testng.reporters.JUnitXMLReporter -->
<testsuite ignored="0" hostname="DESKTOP-49OJ2E2" failures="0" tests="4" name="Test" time="16.121" errors="0" timestamp="27 Jul 2022 19:59:20 GMT">
  <testcase classname="acti.tests.LoginPageTests" name="testLoginPageTitle" time="0.015"/>
  <testcase classname="acti.tests.LoginPageTests" name="testforgotPasswordLink" time="0.054"/>
  <testcase classname="acti.tests.LoginPageTests" name="testActilogoisDisplayed" time="0.034"/>
  <testcase classname="acti.tests.LoginPageTests" name="testLoginFunction" time="3.665"/>
</testsuite> <!-- Test -->
